

Started GET "/" for 127.0.0.1 at 2014-12-15 13:10:50 -0500

ActiveRecord::NoDatabaseError (FATAL:  database "secretsanta_app_development" does not exist
Run `$ bin/rake db:create db:migrate` to create your database):
  activerecord (4.1.8) lib/active_record/connection_adapters/postgresql_adapter.rb:898:in `rescue in connect'
  activerecord (4.1.8) lib/active_record/connection_adapters/postgresql_adapter.rb:888:in `connect'
  activerecord (4.1.8) lib/active_record/connection_adapters/postgresql_adapter.rb:568:in `initialize'
  activerecord (4.1.8) lib/active_record/connection_adapters/postgresql_adapter.rb:41:in `new'
  activerecord (4.1.8) lib/active_record/connection_adapters/postgresql_adapter.rb:41:in `postgresql_connection'
  activerecord (4.1.8) lib/active_record/connection_adapters/abstract/connection_pool.rb:435:in `new_connection'
  activerecord (4.1.8) lib/active_record/connection_adapters/abstract/connection_pool.rb:445:in `checkout_new_connection'
  activerecord (4.1.8) lib/active_record/connection_adapters/abstract/connection_pool.rb:416:in `acquire_connection'
  activerecord (4.1.8) lib/active_record/connection_adapters/abstract/connection_pool.rb:351:in `block in checkout'
  /Users/margarethuang/.rbenv/versions/2.1.2/lib/ruby/2.1.0/monitor.rb:211:in `mon_synchronize'
  activerecord (4.1.8) lib/active_record/connection_adapters/abstract/connection_pool.rb:350:in `checkout'
  activerecord (4.1.8) lib/active_record/connection_adapters/abstract/connection_pool.rb:265:in `block in connection'
  /Users/margarethuang/.rbenv/versions/2.1.2/lib/ruby/2.1.0/monitor.rb:211:in `mon_synchronize'
  activerecord (4.1.8) lib/active_record/connection_adapters/abstract/connection_pool.rb:264:in `connection'
  activerecord (4.1.8) lib/active_record/connection_adapters/abstract/connection_pool.rb:541:in `retrieve_connection'
  activerecord (4.1.8) lib/active_record/connection_handling.rb:113:in `retrieve_connection'
  activerecord (4.1.8) lib/active_record/connection_handling.rb:87:in `connection'
  activerecord (4.1.8) lib/active_record/query_cache.rb:51:in `restore_query_cache_settings'
  activerecord (4.1.8) lib/active_record/query_cache.rb:43:in `rescue in call'
  activerecord (4.1.8) lib/active_record/query_cache.rb:32:in `call'
  activerecord (4.1.8) lib/active_record/connection_adapters/abstract/connection_pool.rb:621:in `call'
  activerecord (4.1.8) lib/active_record/migration.rb:380:in `call'
  actionpack (4.1.8) lib/action_dispatch/middleware/callbacks.rb:29:in `block in call'
  activesupport (4.1.8) lib/active_support/callbacks.rb:82:in `run_callbacks'
  actionpack (4.1.8) lib/action_dispatch/middleware/callbacks.rb:27:in `call'
  actionpack (4.1.8) lib/action_dispatch/middleware/reloader.rb:73:in `call'
  actionpack (4.1.8) lib/action_dispatch/middleware/remote_ip.rb:76:in `call'
  actionpack (4.1.8) lib/action_dispatch/middleware/debug_exceptions.rb:17:in `call'
  actionpack (4.1.8) lib/action_dispatch/middleware/show_exceptions.rb:30:in `call'
  railties (4.1.8) lib/rails/rack/logger.rb:38:in `call_app'
  railties (4.1.8) lib/rails/rack/logger.rb:20:in `block in call'
  activesupport (4.1.8) lib/active_support/tagged_logging.rb:68:in `block in tagged'
  activesupport (4.1.8) lib/active_support/tagged_logging.rb:26:in `tagged'
  activesupport (4.1.8) lib/active_support/tagged_logging.rb:68:in `tagged'
  railties (4.1.8) lib/rails/rack/logger.rb:20:in `call'
  actionpack (4.1.8) lib/action_dispatch/middleware/request_id.rb:21:in `call'
  rack (1.5.2) lib/rack/methodoverride.rb:21:in `call'
  rack (1.5.2) lib/rack/runtime.rb:17:in `call'
  activesupport (4.1.8) lib/active_support/cache/strategy/local_cache_middleware.rb:26:in `call'
  rack (1.5.2) lib/rack/lock.rb:17:in `call'
  actionpack (4.1.8) lib/action_dispatch/middleware/static.rb:84:in `call'
  rack (1.5.2) lib/rack/sendfile.rb:112:in `call'
  railties (4.1.8) lib/rails/engine.rb:514:in `call'
  railties (4.1.8) lib/rails/application.rb:144:in `call'
  rack (1.5.2) lib/rack/lock.rb:17:in `call'
  rack (1.5.2) lib/rack/content_length.rb:14:in `call'
  rack (1.5.2) lib/rack/handler/webrick.rb:60:in `service'
  /Users/margarethuang/.rbenv/versions/2.1.2/lib/ruby/2.1.0/webrick/httpserver.rb:138:in `service'
  /Users/margarethuang/.rbenv/versions/2.1.2/lib/ruby/2.1.0/webrick/httpserver.rb:94:in `run'
  /Users/margarethuang/.rbenv/versions/2.1.2/lib/ruby/2.1.0/webrick/server.rb:295:in `block in start_thread'


  Rendered /Users/margarethuang/.rbenv/versions/2.1.2/lib/ruby/gems/2.1.0/gems/actionpack-4.1.8/lib/action_dispatch/middleware/templates/rescues/_source.erb (1.4ms)
  Rendered /Users/margarethuang/.rbenv/versions/2.1.2/lib/ruby/gems/2.1.0/gems/actionpack-4.1.8/lib/action_dispatch/middleware/templates/rescues/_trace.html.erb (1.6ms)
  Rendered /Users/margarethuang/.rbenv/versions/2.1.2/lib/ruby/gems/2.1.0/gems/actionpack-4.1.8/lib/action_dispatch/middleware/templates/rescues/_request_and_response.html.erb (1.3ms)
  Rendered /Users/margarethuang/.rbenv/versions/2.1.2/lib/ruby/gems/2.1.0/gems/actionpack-4.1.8/lib/action_dispatch/middleware/templates/rescues/diagnostics.erb within rescues/layout (37.9ms)
  [1m[36m (96.0ms)[0m  [1mCREATE TABLE "schema_migrations" ("version" character varying(255) NOT NULL) [0m
  [1m[35m (28.5ms)[0m  CREATE UNIQUE INDEX  "unique_schema_migrations" ON "schema_migrations"  ("version")
  [1m[36mActiveRecord::SchemaMigration Load (12.7ms)[0m  [1mSELECT "schema_migrations".* FROM "schema_migrations"[0m


Started GET "/" for 127.0.0.1 at 2014-12-15 13:11:33 -0500
Processing by Rails::WelcomeController#index as HTML
  Rendered /Users/margarethuang/.rbenv/versions/2.1.2/lib/ruby/gems/2.1.0/gems/railties-4.1.8/lib/rails/templates/rails/welcome/index.html.erb (2.6ms)
Completed 200 OK in 28ms (Views: 12.1ms | ActiveRecord: 0.0ms)


Started GET "/users/sign_up" for 127.0.0.1 at 2014-12-16 13:32:40 -0500

PG::ConnectionBad (could not connect to server: No such file or directory
	Is the server running locally and accepting
	connections on Unix domain socket "/tmp/.s.PGSQL.5432"?
):
  activerecord (4.1.8) lib/active_record/connection_adapters/postgresql_adapter.rb:888:in `initialize'
  activerecord (4.1.8) lib/active_record/connection_adapters/postgresql_adapter.rb:888:in `new'
  activerecord (4.1.8) lib/active_record/connection_adapters/postgresql_adapter.rb:888:in `connect'
  activerecord (4.1.8) lib/active_record/connection_adapters/postgresql_adapter.rb:568:in `initialize'
  activerecord (4.1.8) lib/active_record/connection_adapters/postgresql_adapter.rb:41:in `new'
  activerecord (4.1.8) lib/active_record/connection_adapters/postgresql_adapter.rb:41:in `postgresql_connection'
  activerecord (4.1.8) lib/active_record/connection_adapters/abstract/connection_pool.rb:435:in `new_connection'
  activerecord (4.1.8) lib/active_record/connection_adapters/abstract/connection_pool.rb:445:in `checkout_new_connection'
  activerecord (4.1.8) lib/active_record/connection_adapters/abstract/connection_pool.rb:416:in `acquire_connection'
  activerecord (4.1.8) lib/active_record/connection_adapters/abstract/connection_pool.rb:351:in `block in checkout'
  /Users/margarethuang/.rbenv/versions/2.1.2/lib/ruby/2.1.0/monitor.rb:211:in `mon_synchronize'
  activerecord (4.1.8) lib/active_record/connection_adapters/abstract/connection_pool.rb:350:in `checkout'
  activerecord (4.1.8) lib/active_record/connection_adapters/abstract/connection_pool.rb:265:in `block in connection'
  /Users/margarethuang/.rbenv/versions/2.1.2/lib/ruby/2.1.0/monitor.rb:211:in `mon_synchronize'
  activerecord (4.1.8) lib/active_record/connection_adapters/abstract/connection_pool.rb:264:in `connection'
  activerecord (4.1.8) lib/active_record/connection_adapters/abstract/connection_pool.rb:541:in `retrieve_connection'
  activerecord (4.1.8) lib/active_record/connection_handling.rb:113:in `retrieve_connection'
  activerecord (4.1.8) lib/active_record/connection_handling.rb:87:in `connection'
  activerecord (4.1.8) lib/active_record/migration.rb:388:in `check_pending!'
  activerecord (4.1.8) lib/active_record/migration.rb:377:in `call'
  actionpack (4.1.8) lib/action_dispatch/middleware/callbacks.rb:29:in `block in call'
  activesupport (4.1.8) lib/active_support/callbacks.rb:82:in `run_callbacks'
  actionpack (4.1.8) lib/action_dispatch/middleware/callbacks.rb:27:in `call'
  actionpack (4.1.8) lib/action_dispatch/middleware/reloader.rb:73:in `call'
  actionpack (4.1.8) lib/action_dispatch/middleware/remote_ip.rb:76:in `call'
  actionpack (4.1.8) lib/action_dispatch/middleware/debug_exceptions.rb:17:in `call'
  actionpack (4.1.8) lib/action_dispatch/middleware/show_exceptions.rb:30:in `call'
  railties (4.1.8) lib/rails/rack/logger.rb:38:in `call_app'
  railties (4.1.8) lib/rails/rack/logger.rb:20:in `block in call'
  activesupport (4.1.8) lib/active_support/tagged_logging.rb:68:in `block in tagged'
  activesupport (4.1.8) lib/active_support/tagged_logging.rb:26:in `tagged'
  activesupport (4.1.8) lib/active_support/tagged_logging.rb:68:in `tagged'
  railties (4.1.8) lib/rails/rack/logger.rb:20:in `call'
  actionpack (4.1.8) lib/action_dispatch/middleware/request_id.rb:21:in `call'
  rack (1.5.2) lib/rack/methodoverride.rb:21:in `call'
  rack (1.5.2) lib/rack/runtime.rb:17:in `call'
  activesupport (4.1.8) lib/active_support/cache/strategy/local_cache_middleware.rb:26:in `call'
  rack (1.5.2) lib/rack/lock.rb:17:in `call'
  actionpack (4.1.8) lib/action_dispatch/middleware/static.rb:84:in `call'
  rack (1.5.2) lib/rack/sendfile.rb:112:in `call'
  railties (4.1.8) lib/rails/engine.rb:514:in `call'
  railties (4.1.8) lib/rails/application.rb:144:in `call'
  rack (1.5.2) lib/rack/lock.rb:17:in `call'
  rack (1.5.2) lib/rack/content_length.rb:14:in `call'
  rack (1.5.2) lib/rack/handler/webrick.rb:60:in `service'
  /Users/margarethuang/.rbenv/versions/2.1.2/lib/ruby/2.1.0/webrick/httpserver.rb:138:in `service'
  /Users/margarethuang/.rbenv/versions/2.1.2/lib/ruby/2.1.0/webrick/httpserver.rb:94:in `run'
  /Users/margarethuang/.rbenv/versions/2.1.2/lib/ruby/2.1.0/webrick/server.rb:295:in `block in start_thread'


  Rendered /Users/margarethuang/.rbenv/versions/2.1.2/lib/ruby/gems/2.1.0/gems/actionpack-4.1.8/lib/action_dispatch/middleware/templates/rescues/_source.erb (0.9ms)
  Rendered /Users/margarethuang/.rbenv/versions/2.1.2/lib/ruby/gems/2.1.0/gems/actionpack-4.1.8/lib/action_dispatch/middleware/templates/rescues/_trace.html.erb (2.3ms)
  Rendered /Users/margarethuang/.rbenv/versions/2.1.2/lib/ruby/gems/2.1.0/gems/actionpack-4.1.8/lib/action_dispatch/middleware/templates/rescues/_request_and_response.html.erb (2.2ms)
  Rendered /Users/margarethuang/.rbenv/versions/2.1.2/lib/ruby/gems/2.1.0/gems/actionpack-4.1.8/lib/action_dispatch/middleware/templates/rescues/diagnostics.erb within rescues/layout (45.2ms)


Started GET "/" for 127.0.0.1 at 2014-12-16 15:39:23 -0500

PG::ConnectionBad (could not connect to server: No such file or directory
	Is the server running locally and accepting
	connections on Unix domain socket "/tmp/.s.PGSQL.5432"?
):
  activerecord (4.1.8) lib/active_record/connection_adapters/postgresql_adapter.rb:888:in `initialize'
  activerecord (4.1.8) lib/active_record/connection_adapters/postgresql_adapter.rb:888:in `new'
  activerecord (4.1.8) lib/active_record/connection_adapters/postgresql_adapter.rb:888:in `connect'
  activerecord (4.1.8) lib/active_record/connection_adapters/postgresql_adapter.rb:568:in `initialize'
  activerecord (4.1.8) lib/active_record/connection_adapters/postgresql_adapter.rb:41:in `new'
  activerecord (4.1.8) lib/active_record/connection_adapters/postgresql_adapter.rb:41:in `postgresql_connection'
  activerecord (4.1.8) lib/active_record/connection_adapters/abstract/connection_pool.rb:435:in `new_connection'
  activerecord (4.1.8) lib/active_record/connection_adapters/abstract/connection_pool.rb:445:in `checkout_new_connection'
  activerecord (4.1.8) lib/active_record/connection_adapters/abstract/connection_pool.rb:416:in `acquire_connection'
  activerecord (4.1.8) lib/active_record/connection_adapters/abstract/connection_pool.rb:351:in `block in checkout'
  /Users/margarethuang/.rbenv/versions/2.1.2/lib/ruby/2.1.0/monitor.rb:211:in `mon_synchronize'
  activerecord (4.1.8) lib/active_record/connection_adapters/abstract/connection_pool.rb:350:in `checkout'
  activerecord (4.1.8) lib/active_record/connection_adapters/abstract/connection_pool.rb:265:in `block in connection'
  /Users/margarethuang/.rbenv/versions/2.1.2/lib/ruby/2.1.0/monitor.rb:211:in `mon_synchronize'
  activerecord (4.1.8) lib/active_record/connection_adapters/abstract/connection_pool.rb:264:in `connection'
  activerecord (4.1.8) lib/active_record/connection_adapters/abstract/connection_pool.rb:541:in `retrieve_connection'
  activerecord (4.1.8) lib/active_record/connection_handling.rb:113:in `retrieve_connection'
  activerecord (4.1.8) lib/active_record/connection_handling.rb:87:in `connection'
  activerecord (4.1.8) lib/active_record/migration.rb:388:in `check_pending!'
  activerecord (4.1.8) lib/active_record/migration.rb:377:in `call'
  actionpack (4.1.8) lib/action_dispatch/middleware/callbacks.rb:29:in `block in call'
  activesupport (4.1.8) lib/active_support/callbacks.rb:82:in `run_callbacks'
  actionpack (4.1.8) lib/action_dispatch/middleware/callbacks.rb:27:in `call'
  actionpack (4.1.8) lib/action_dispatch/middleware/reloader.rb:73:in `call'
  actionpack (4.1.8) lib/action_dispatch/middleware/remote_ip.rb:76:in `call'
  actionpack (4.1.8) lib/action_dispatch/middleware/debug_exceptions.rb:17:in `call'
  actionpack (4.1.8) lib/action_dispatch/middleware/show_exceptions.rb:30:in `call'
  railties (4.1.8) lib/rails/rack/logger.rb:38:in `call_app'
  railties (4.1.8) lib/rails/rack/logger.rb:20:in `block in call'
  activesupport (4.1.8) lib/active_support/tagged_logging.rb:68:in `block in tagged'
  activesupport (4.1.8) lib/active_support/tagged_logging.rb:26:in `tagged'
  activesupport (4.1.8) lib/active_support/tagged_logging.rb:68:in `tagged'
  railties (4.1.8) lib/rails/rack/logger.rb:20:in `call'
  actionpack (4.1.8) lib/action_dispatch/middleware/request_id.rb:21:in `call'
  rack (1.5.2) lib/rack/methodoverride.rb:21:in `call'
  rack (1.5.2) lib/rack/runtime.rb:17:in `call'
  activesupport (4.1.8) lib/active_support/cache/strategy/local_cache_middleware.rb:26:in `call'
  rack (1.5.2) lib/rack/lock.rb:17:in `call'
  actionpack (4.1.8) lib/action_dispatch/middleware/static.rb:84:in `call'
  rack (1.5.2) lib/rack/sendfile.rb:112:in `call'
  railties (4.1.8) lib/rails/engine.rb:514:in `call'
  railties (4.1.8) lib/rails/application.rb:144:in `call'
  rack (1.5.2) lib/rack/lock.rb:17:in `call'
  rack (1.5.2) lib/rack/content_length.rb:14:in `call'
  rack (1.5.2) lib/rack/handler/webrick.rb:60:in `service'
  /Users/margarethuang/.rbenv/versions/2.1.2/lib/ruby/2.1.0/webrick/httpserver.rb:138:in `service'
  /Users/margarethuang/.rbenv/versions/2.1.2/lib/ruby/2.1.0/webrick/httpserver.rb:94:in `run'
  /Users/margarethuang/.rbenv/versions/2.1.2/lib/ruby/2.1.0/webrick/server.rb:295:in `block in start_thread'


  Rendered /Users/margarethuang/.rbenv/versions/2.1.2/lib/ruby/gems/2.1.0/gems/actionpack-4.1.8/lib/action_dispatch/middleware/templates/rescues/_source.erb (2.1ms)
  Rendered /Users/margarethuang/.rbenv/versions/2.1.2/lib/ruby/gems/2.1.0/gems/actionpack-4.1.8/lib/action_dispatch/middleware/templates/rescues/_trace.html.erb (2.8ms)
  Rendered /Users/margarethuang/.rbenv/versions/2.1.2/lib/ruby/gems/2.1.0/gems/actionpack-4.1.8/lib/action_dispatch/middleware/templates/rescues/_request_and_response.html.erb (2.5ms)
  Rendered /Users/margarethuang/.rbenv/versions/2.1.2/lib/ruby/gems/2.1.0/gems/actionpack-4.1.8/lib/action_dispatch/middleware/templates/rescues/diagnostics.erb within rescues/layout (54.5ms)


Started GET "/" for 127.0.0.1 at 2014-12-16 15:40:43 -0500

PG::ConnectionBad (could not connect to server: No such file or directory
	Is the server running locally and accepting
	connections on Unix domain socket "/tmp/.s.PGSQL.5432"?
):
  activerecord (4.1.8) lib/active_record/connection_adapters/postgresql_adapter.rb:888:in `initialize'
  activerecord (4.1.8) lib/active_record/connection_adapters/postgresql_adapter.rb:888:in `new'
  activerecord (4.1.8) lib/active_record/connection_adapters/postgresql_adapter.rb:888:in `connect'
  activerecord (4.1.8) lib/active_record/connection_adapters/postgresql_adapter.rb:568:in `initialize'
  activerecord (4.1.8) lib/active_record/connection_adapters/postgresql_adapter.rb:41:in `new'
  activerecord (4.1.8) lib/active_record/connection_adapters/postgresql_adapter.rb:41:in `postgresql_connection'
  activerecord (4.1.8) lib/active_record/connection_adapters/abstract/connection_pool.rb:435:in `new_connection'
  activerecord (4.1.8) lib/active_record/connection_adapters/abstract/connection_pool.rb:445:in `checkout_new_connection'
  activerecord (4.1.8) lib/active_record/connection_adapters/abstract/connection_pool.rb:416:in `acquire_connection'
  activerecord (4.1.8) lib/active_record/connection_adapters/abstract/connection_pool.rb:351:in `block in checkout'
  /Users/margarethuang/.rbenv/versions/2.1.2/lib/ruby/2.1.0/monitor.rb:211:in `mon_synchronize'
  activerecord (4.1.8) lib/active_record/connection_adapters/abstract/connection_pool.rb:350:in `checkout'
  activerecord (4.1.8) lib/active_record/connection_adapters/abstract/connection_pool.rb:265:in `block in connection'
  /Users/margarethuang/.rbenv/versions/2.1.2/lib/ruby/2.1.0/monitor.rb:211:in `mon_synchronize'
  activerecord (4.1.8) lib/active_record/connection_adapters/abstract/connection_pool.rb:264:in `connection'
  activerecord (4.1.8) lib/active_record/connection_adapters/abstract/connection_pool.rb:541:in `retrieve_connection'
  activerecord (4.1.8) lib/active_record/connection_handling.rb:113:in `retrieve_connection'
  activerecord (4.1.8) lib/active_record/connection_handling.rb:87:in `connection'
  activerecord (4.1.8) lib/active_record/migration.rb:388:in `check_pending!'
  activerecord (4.1.8) lib/active_record/migration.rb:377:in `call'
  actionpack (4.1.8) lib/action_dispatch/middleware/callbacks.rb:29:in `block in call'
  activesupport (4.1.8) lib/active_support/callbacks.rb:82:in `run_callbacks'
  actionpack (4.1.8) lib/action_dispatch/middleware/callbacks.rb:27:in `call'
  actionpack (4.1.8) lib/action_dispatch/middleware/reloader.rb:73:in `call'
  actionpack (4.1.8) lib/action_dispatch/middleware/remote_ip.rb:76:in `call'
  actionpack (4.1.8) lib/action_dispatch/middleware/debug_exceptions.rb:17:in `call'
  actionpack (4.1.8) lib/action_dispatch/middleware/show_exceptions.rb:30:in `call'
  railties (4.1.8) lib/rails/rack/logger.rb:38:in `call_app'
  railties (4.1.8) lib/rails/rack/logger.rb:20:in `block in call'
  activesupport (4.1.8) lib/active_support/tagged_logging.rb:68:in `block in tagged'
  activesupport (4.1.8) lib/active_support/tagged_logging.rb:26:in `tagged'
  activesupport (4.1.8) lib/active_support/tagged_logging.rb:68:in `tagged'
  railties (4.1.8) lib/rails/rack/logger.rb:20:in `call'
  actionpack (4.1.8) lib/action_dispatch/middleware/request_id.rb:21:in `call'
  rack (1.5.2) lib/rack/methodoverride.rb:21:in `call'
  rack (1.5.2) lib/rack/runtime.rb:17:in `call'
  activesupport (4.1.8) lib/active_support/cache/strategy/local_cache_middleware.rb:26:in `call'
  rack (1.5.2) lib/rack/lock.rb:17:in `call'
  actionpack (4.1.8) lib/action_dispatch/middleware/static.rb:84:in `call'
  rack (1.5.2) lib/rack/sendfile.rb:112:in `call'
  railties (4.1.8) lib/rails/engine.rb:514:in `call'
  railties (4.1.8) lib/rails/application.rb:144:in `call'
  rack (1.5.2) lib/rack/lock.rb:17:in `call'
  rack (1.5.2) lib/rack/content_length.rb:14:in `call'
  rack (1.5.2) lib/rack/handler/webrick.rb:60:in `service'
  /Users/margarethuang/.rbenv/versions/2.1.2/lib/ruby/2.1.0/webrick/httpserver.rb:138:in `service'
  /Users/margarethuang/.rbenv/versions/2.1.2/lib/ruby/2.1.0/webrick/httpserver.rb:94:in `run'
  /Users/margarethuang/.rbenv/versions/2.1.2/lib/ruby/2.1.0/webrick/server.rb:295:in `block in start_thread'


  Rendered /Users/margarethuang/.rbenv/versions/2.1.2/lib/ruby/gems/2.1.0/gems/actionpack-4.1.8/lib/action_dispatch/middleware/templates/rescues/_source.erb (1.8ms)
  Rendered /Users/margarethuang/.rbenv/versions/2.1.2/lib/ruby/gems/2.1.0/gems/actionpack-4.1.8/lib/action_dispatch/middleware/templates/rescues/_trace.html.erb (5.3ms)
  Rendered /Users/margarethuang/.rbenv/versions/2.1.2/lib/ruby/gems/2.1.0/gems/actionpack-4.1.8/lib/action_dispatch/middleware/templates/rescues/_request_and_response.html.erb (5.7ms)
  Rendered /Users/margarethuang/.rbenv/versions/2.1.2/lib/ruby/gems/2.1.0/gems/actionpack-4.1.8/lib/action_dispatch/middleware/templates/rescues/diagnostics.erb within rescues/layout (53.8ms)


Started GET "/" for 127.0.0.1 at 2014-12-16 15:41:56 -0500

PG::ConnectionBad (could not connect to server: Connection refused
	Is the server running on host "localhost" (127.0.0.1) and accepting
	TCP/IP connections on port 5432?
could not connect to server: Connection refused
	Is the server running on host "localhost" (::1) and accepting
	TCP/IP connections on port 5432?
):
  activerecord (4.1.8) lib/active_record/connection_adapters/postgresql_adapter.rb:888:in `initialize'
  activerecord (4.1.8) lib/active_record/connection_adapters/postgresql_adapter.rb:888:in `new'
  activerecord (4.1.8) lib/active_record/connection_adapters/postgresql_adapter.rb:888:in `connect'
  activerecord (4.1.8) lib/active_record/connection_adapters/postgresql_adapter.rb:568:in `initialize'
  activerecord (4.1.8) lib/active_record/connection_adapters/postgresql_adapter.rb:41:in `new'
  activerecord (4.1.8) lib/active_record/connection_adapters/postgresql_adapter.rb:41:in `postgresql_connection'
  activerecord (4.1.8) lib/active_record/connection_adapters/abstract/connection_pool.rb:435:in `new_connection'
  activerecord (4.1.8) lib/active_record/connection_adapters/abstract/connection_pool.rb:445:in `checkout_new_connection'
  activerecord (4.1.8) lib/active_record/connection_adapters/abstract/connection_pool.rb:416:in `acquire_connection'
  activerecord (4.1.8) lib/active_record/connection_adapters/abstract/connection_pool.rb:351:in `block in checkout'
  /Users/margarethuang/.rbenv/versions/2.1.2/lib/ruby/2.1.0/monitor.rb:211:in `mon_synchronize'
  activerecord (4.1.8) lib/active_record/connection_adapters/abstract/connection_pool.rb:350:in `checkout'
  activerecord (4.1.8) lib/active_record/connection_adapters/abstract/connection_pool.rb:265:in `block in connection'
  /Users/margarethuang/.rbenv/versions/2.1.2/lib/ruby/2.1.0/monitor.rb:211:in `mon_synchronize'
  activerecord (4.1.8) lib/active_record/connection_adapters/abstract/connection_pool.rb:264:in `connection'
  activerecord (4.1.8) lib/active_record/connection_adapters/abstract/connection_pool.rb:541:in `retrieve_connection'
  activerecord (4.1.8) lib/active_record/connection_handling.rb:113:in `retrieve_connection'
  activerecord (4.1.8) lib/active_record/connection_handling.rb:87:in `connection'
  activerecord (4.1.8) lib/active_record/migration.rb:388:in `check_pending!'
  activerecord (4.1.8) lib/active_record/migration.rb:377:in `call'
  actionpack (4.1.8) lib/action_dispatch/middleware/callbacks.rb:29:in `block in call'
  activesupport (4.1.8) lib/active_support/callbacks.rb:82:in `run_callbacks'
  actionpack (4.1.8) lib/action_dispatch/middleware/callbacks.rb:27:in `call'
  actionpack (4.1.8) lib/action_dispatch/middleware/reloader.rb:73:in `call'
  actionpack (4.1.8) lib/action_dispatch/middleware/remote_ip.rb:76:in `call'
  actionpack (4.1.8) lib/action_dispatch/middleware/debug_exceptions.rb:17:in `call'
  actionpack (4.1.8) lib/action_dispatch/middleware/show_exceptions.rb:30:in `call'
  railties (4.1.8) lib/rails/rack/logger.rb:38:in `call_app'
  railties (4.1.8) lib/rails/rack/logger.rb:20:in `block in call'
  activesupport (4.1.8) lib/active_support/tagged_logging.rb:68:in `block in tagged'
  activesupport (4.1.8) lib/active_support/tagged_logging.rb:26:in `tagged'
  activesupport (4.1.8) lib/active_support/tagged_logging.rb:68:in `tagged'
  railties (4.1.8) lib/rails/rack/logger.rb:20:in `call'
  actionpack (4.1.8) lib/action_dispatch/middleware/request_id.rb:21:in `call'
  rack (1.5.2) lib/rack/methodoverride.rb:21:in `call'
  rack (1.5.2) lib/rack/runtime.rb:17:in `call'
  activesupport (4.1.8) lib/active_support/cache/strategy/local_cache_middleware.rb:26:in `call'
  rack (1.5.2) lib/rack/lock.rb:17:in `call'
  actionpack (4.1.8) lib/action_dispatch/middleware/static.rb:84:in `call'
  rack (1.5.2) lib/rack/sendfile.rb:112:in `call'
  railties (4.1.8) lib/rails/engine.rb:514:in `call'
  railties (4.1.8) lib/rails/application.rb:144:in `call'
  rack (1.5.2) lib/rack/lock.rb:17:in `call'
  rack (1.5.2) lib/rack/content_length.rb:14:in `call'
  rack (1.5.2) lib/rack/handler/webrick.rb:60:in `service'
  /Users/margarethuang/.rbenv/versions/2.1.2/lib/ruby/2.1.0/webrick/httpserver.rb:138:in `service'
  /Users/margarethuang/.rbenv/versions/2.1.2/lib/ruby/2.1.0/webrick/httpserver.rb:94:in `run'
  /Users/margarethuang/.rbenv/versions/2.1.2/lib/ruby/2.1.0/webrick/server.rb:295:in `block in start_thread'


  Rendered /Users/margarethuang/.rbenv/versions/2.1.2/lib/ruby/gems/2.1.0/gems/actionpack-4.1.8/lib/action_dispatch/middleware/templates/rescues/_source.erb (1.4ms)
  Rendered /Users/margarethuang/.rbenv/versions/2.1.2/lib/ruby/gems/2.1.0/gems/actionpack-4.1.8/lib/action_dispatch/middleware/templates/rescues/_trace.html.erb (2.3ms)
  Rendered /Users/margarethuang/.rbenv/versions/2.1.2/lib/ruby/gems/2.1.0/gems/actionpack-4.1.8/lib/action_dispatch/middleware/templates/rescues/_request_and_response.html.erb (1.2ms)
  Rendered /Users/margarethuang/.rbenv/versions/2.1.2/lib/ruby/gems/2.1.0/gems/actionpack-4.1.8/lib/action_dispatch/middleware/templates/rescues/diagnostics.erb within rescues/layout (41.7ms)
